<?xml version="1.0" encoding="UTF-8"?>
<!-- Generated by org.testng.reporters.JUnitXMLReporter -->
<testsuite hostname="rajkumar-pc" name="Test" tests="10" failures="1" timestamp="12 Jul 2018 13:58:44 GMT" time="161.977" errors="0">
  <testcase name="logintest" time="3.899" classname="com.LVweb.TestCases.LoginPageTest"/>
  <testcase name="loginoffTest" time="2.918" classname="com.LVweb.TestCases.LoginPageTest"/>
  <testcase name="logoDisplayTest" time="2.462" classname="com.LVweb.TestCases.HomePageTest">
    <failure type="java.lang.AssertionError">
      <![CDATA[java.lang.AssertionError: 
	at com.LVweb.TestCases.HomePageTest.logoDisplayTest(HomePageTest.java:47)
... Removed 27 stack frames]]>
    </failure>
  </testcase> <!-- logoDisplayTest -->
  <testcase name="announcementClickTest" time="2.705" classname="com.LVweb.TestCases.HomePageTest"/>
  <testcase name="faqClickTest" time="2.495" classname="com.LVweb.TestCases.HomePageTest"/>
  <testcase name="estBenefitClickTest" time="6.841" classname="com.LVweb.TestCases.HomePageTest"/>
  <testcase name="penSummaryClickTest" time="6.366" classname="com.LVweb.TestCases.HomePageTest"/>
  <testcase name="persInfoClickTest" time="5.356" classname="com.LVweb.TestCases.HomePageTest"/>
  <testcase name="resourcesClickTest" time="5.965" classname="com.LVweb.TestCases.HomePageTest"/>
  <testcase name="messageCenterClickTest" time="6.509" classname="com.LVweb.TestCases.HomePageTest"/>
</testsuite> <!-- Test -->
