<?xml version="1.0" encoding="UTF-8"?>
<!-- Generated by org.testng.reporters.JUnitXMLReporter -->
<testsuite hostname="rajkumar-pc" name="Test" tests="10" failures="1" timestamp="20 Jul 2018 13:42:38 GMT" time="163.215" errors="0">
  <testcase name="logintest" time="9.667" classname="com.LVweb.TestCases.LoginPageTest"/>
  <testcase name="loginoffTest" time="2.212" classname="com.LVweb.TestCases.LoginPageTest"/>
  <testcase name="logoDisplayTest" time="0.044" classname="com.LVweb.TestCases.HomePageTest"/>
  <testcase name="announcementClickTest" time="1.653" classname="com.LVweb.TestCases.HomePageTest"/>
  <testcase name="faqClickTest" time="0.894" classname="com.LVweb.TestCases.HomePageTest"/>
  <testcase name="estBenefitClickTest" time="2.261" classname="com.LVweb.TestCases.HomePageTest"/>
  <testcase name="penSummaryClickTest" time="1.385" classname="com.LVweb.TestCases.HomePageTest"/>
  <testcase name="persInfoClickTest" time="3.773" classname="com.LVweb.TestCases.HomePageTest"/>
  <testcase name="resourcesClickTest" time="2.295" classname="com.LVweb.TestCases.HomePageTest"/>
  <testcase name="messageCenterClickTest" time="1.322" classname="com.LVweb.TestCases.HomePageTest">
    <failure type="java.lang.AssertionError" message="expected [true] but found [false]">
      <![CDATA[java.lang.AssertionError: expected [true] but found [false]
	at com.LVweb.TestCases.HomePageTest.messageCenterClickTest(HomePageTest.java:86)
	at org.apache.maven.surefire.testng.TestNGExecutor.run(TestNGExecutor.java:283)
	at org.apache.maven.surefire.testng.TestNGXmlTestSuite.execute(TestNGXmlTestSuite.java:75)
	at org.apache.maven.surefire.testng.TestNGProvider.invoke(TestNGProvider.java:120)
	at org.apache.maven.surefire.booter.ForkedBooter.invokeProviderInSameClassLoader(ForkedBooter.java:383)
	at org.apache.maven.surefire.booter.ForkedBooter.runSuitesInProcess(ForkedBooter.java:344)
	at org.apache.maven.surefire.booter.ForkedBooter.execute(ForkedBooter.java:125)
	at org.apache.maven.surefire.booter.ForkedBooter.main(ForkedBooter.java:417)
... Removed 25 stack frames]]>
    </failure>
  </testcase> <!-- messageCenterClickTest -->
</testsuite> <!-- Test -->
