<?xml version="1.0" encoding="UTF-8"?>
<testng-results skipped="0" failed="1" total="10" passed="9">
  <reporter-output>
  </reporter-output>
  <suite name="Suite" duration-ms="163215" started-at="2018-07-20T13:39:55Z" finished-at="2018-07-20T13:42:38Z">
    <groups>
    </groups>
    <test name="Test" duration-ms="163215" started-at="2018-07-20T13:39:55Z" finished-at="2018-07-20T13:42:38Z">
      <class name="com.LVweb.TestCases.LoginPageTest">
        <test-method status="PASS" signature="setUp()[pri:0, instance:com.LVweb.TestCases.LoginPageTest@b97c004]" name="setUp" is-config="true" duration-ms="14897" started-at="2018-07-20T19:09:55Z" finished-at="2018-07-20T19:10:10Z">
          <reporter-output>
          </reporter-output>
        </test-method> <!-- setUp -->
        <test-method status="PASS" signature="logintest()[pri:0, instance:com.LVweb.TestCases.LoginPageTest@b97c004]" name="logintest" duration-ms="9667" started-at="2018-07-20T19:10:10Z" finished-at="2018-07-20T19:10:20Z">
          <reporter-output>
          </reporter-output>
        </test-method> <!-- logintest -->
        <test-method status="PASS" signature="loginoffTest()[pri:0, instance:com.LVweb.TestCases.LoginPageTest@b97c004]" name="loginoffTest" duration-ms="2212" started-at="2018-07-20T19:10:21Z" finished-at="2018-07-20T19:10:23Z">
          <reporter-output>
          </reporter-output>
        </test-method> <!-- loginoffTest -->
        <test-method status="PASS" signature="tearDown()[pri:0, instance:com.LVweb.TestCases.LoginPageTest@b97c004]" name="tearDown" is-config="true" duration-ms="676" started-at="2018-07-20T19:10:23Z" finished-at="2018-07-20T19:10:24Z">
          <reporter-output>
          </reporter-output>
        </test-method> <!-- tearDown -->
      </class> <!-- com.LVweb.TestCases.LoginPageTest -->
      <class name="com.LVweb.TestCases.HomePageTest">
        <test-method status="PASS" signature="setUp()[pri:0, instance:com.LVweb.TestCases.HomePageTest@97e1986]" name="setUp" is-config="true" duration-ms="14401" started-at="2018-07-20T19:10:24Z" finished-at="2018-07-20T19:10:38Z">
          <reporter-output>
          </reporter-output>
        </test-method> <!-- setUp -->
        <test-method status="PASS" signature="logoDisplayTest()[pri:0, instance:com.LVweb.TestCases.HomePageTest@97e1986]" name="logoDisplayTest" duration-ms="44" started-at="2018-07-20T19:10:38Z" finished-at="2018-07-20T19:10:38Z">
          <reporter-output>
          </reporter-output>
        </test-method> <!-- logoDisplayTest -->
        <test-method status="PASS" signature="tearDown()[pri:0, instance:com.LVweb.TestCases.HomePageTest@97e1986]" name="tearDown" is-config="true" duration-ms="679" started-at="2018-07-20T19:10:39Z" finished-at="2018-07-20T19:10:39Z">
          <reporter-output>
          </reporter-output>
        </test-method> <!-- tearDown -->
        <test-method status="PASS" signature="setUp()[pri:0, instance:com.LVweb.TestCases.HomePageTest@97e1986]" name="setUp" is-config="true" duration-ms="12586" started-at="2018-07-20T19:10:39Z" finished-at="2018-07-20T19:10:52Z">
          <reporter-output>
          </reporter-output>
        </test-method> <!-- setUp -->
        <test-method status="PASS" signature="announcementClickTest()[pri:0, instance:com.LVweb.TestCases.HomePageTest@97e1986]" name="announcementClickTest" duration-ms="1653" started-at="2018-07-20T19:10:52Z" finished-at="2018-07-20T19:10:54Z">
          <reporter-output>
          </reporter-output>
        </test-method> <!-- announcementClickTest -->
        <test-method status="PASS" signature="tearDown()[pri:0, instance:com.LVweb.TestCases.HomePageTest@97e1986]" name="tearDown" is-config="true" duration-ms="627" started-at="2018-07-20T19:10:54Z" finished-at="2018-07-20T19:10:55Z">
          <reporter-output>
          </reporter-output>
        </test-method> <!-- tearDown -->
        <test-method status="PASS" signature="setUp()[pri:0, instance:com.LVweb.TestCases.HomePageTest@97e1986]" name="setUp" is-config="true" duration-ms="12964" started-at="2018-07-20T19:10:55Z" finished-at="2018-07-20T19:11:08Z">
          <reporter-output>
          </reporter-output>
        </test-method> <!-- setUp -->
        <test-method status="PASS" signature="faqClickTest()[pri:0, instance:com.LVweb.TestCases.HomePageTest@97e1986]" name="faqClickTest" duration-ms="894" started-at="2018-07-20T19:11:08Z" finished-at="2018-07-20T19:11:08Z">
          <reporter-output>
          </reporter-output>
        </test-method> <!-- faqClickTest -->
        <test-method status="PASS" signature="tearDown()[pri:0, instance:com.LVweb.TestCases.HomePageTest@97e1986]" name="tearDown" is-config="true" duration-ms="652" started-at="2018-07-20T19:11:09Z" finished-at="2018-07-20T19:11:09Z">
          <reporter-output>
          </reporter-output>
        </test-method> <!-- tearDown -->
        <test-method status="PASS" signature="setUp()[pri:0, instance:com.LVweb.TestCases.HomePageTest@97e1986]" name="setUp" is-config="true" duration-ms="14420" started-at="2018-07-20T19:11:09Z" finished-at="2018-07-20T19:11:24Z">
          <reporter-output>
          </reporter-output>
        </test-method> <!-- setUp -->
        <test-method status="PASS" signature="estBenefitClickTest()[pri:0, instance:com.LVweb.TestCases.HomePageTest@97e1986]" name="estBenefitClickTest" duration-ms="2261" started-at="2018-07-20T19:11:24Z" finished-at="2018-07-20T19:11:26Z">
          <reporter-output>
          </reporter-output>
        </test-method> <!-- estBenefitClickTest -->
        <test-method status="PASS" signature="tearDown()[pri:0, instance:com.LVweb.TestCases.HomePageTest@97e1986]" name="tearDown" is-config="true" duration-ms="632" started-at="2018-07-20T19:11:26Z" finished-at="2018-07-20T19:11:27Z">
          <reporter-output>
          </reporter-output>
        </test-method> <!-- tearDown -->
        <test-method status="PASS" signature="setUp()[pri:0, instance:com.LVweb.TestCases.HomePageTest@97e1986]" name="setUp" is-config="true" duration-ms="13953" started-at="2018-07-20T19:11:27Z" finished-at="2018-07-20T19:11:41Z">
          <reporter-output>
          </reporter-output>
        </test-method> <!-- setUp -->
        <test-method status="PASS" signature="penSummaryClickTest()[pri:0, instance:com.LVweb.TestCases.HomePageTest@97e1986]" name="penSummaryClickTest" duration-ms="1385" started-at="2018-07-20T19:11:41Z" finished-at="2018-07-20T19:11:42Z">
          <reporter-output>
          </reporter-output>
        </test-method> <!-- penSummaryClickTest -->
        <test-method status="PASS" signature="tearDown()[pri:0, instance:com.LVweb.TestCases.HomePageTest@97e1986]" name="tearDown" is-config="true" duration-ms="645" started-at="2018-07-20T19:11:43Z" finished-at="2018-07-20T19:11:43Z">
          <reporter-output>
          </reporter-output>
        </test-method> <!-- tearDown -->
        <test-method status="PASS" signature="setUp()[pri:0, instance:com.LVweb.TestCases.HomePageTest@97e1986]" name="setUp" is-config="true" duration-ms="18236" started-at="2018-07-20T19:11:43Z" finished-at="2018-07-20T19:12:02Z">
          <reporter-output>
          </reporter-output>
        </test-method> <!-- setUp -->
        <test-method status="PASS" signature="persInfoClickTest()[pri:0, instance:com.LVweb.TestCases.HomePageTest@97e1986]" name="persInfoClickTest" duration-ms="3773" started-at="2018-07-20T19:12:02Z" finished-at="2018-07-20T19:12:05Z">
          <reporter-output>
          </reporter-output>
        </test-method> <!-- persInfoClickTest -->
        <test-method status="PASS" signature="tearDown()[pri:0, instance:com.LVweb.TestCases.HomePageTest@97e1986]" name="tearDown" is-config="true" duration-ms="791" started-at="2018-07-20T19:12:06Z" finished-at="2018-07-20T19:12:07Z">
          <reporter-output>
          </reporter-output>
        </test-method> <!-- tearDown -->
        <test-method status="PASS" signature="setUp()[pri:0, instance:com.LVweb.TestCases.HomePageTest@97e1986]" name="setUp" is-config="true" duration-ms="13258" started-at="2018-07-20T19:12:07Z" finished-at="2018-07-20T19:12:20Z">
          <reporter-output>
          </reporter-output>
        </test-method> <!-- setUp -->
        <test-method status="PASS" signature="resourcesClickTest()[pri:0, instance:com.LVweb.TestCases.HomePageTest@97e1986]" name="resourcesClickTest" duration-ms="2295" started-at="2018-07-20T19:12:20Z" finished-at="2018-07-20T19:12:22Z">
          <reporter-output>
          </reporter-output>
        </test-method> <!-- resourcesClickTest -->
        <test-method status="PASS" signature="tearDown()[pri:0, instance:com.LVweb.TestCases.HomePageTest@97e1986]" name="tearDown" is-config="true" duration-ms="621" started-at="2018-07-20T19:12:23Z" finished-at="2018-07-20T19:12:23Z">
          <reporter-output>
          </reporter-output>
        </test-method> <!-- tearDown -->
        <test-method status="PASS" signature="setUp()[pri:0, instance:com.LVweb.TestCases.HomePageTest@97e1986]" name="setUp" is-config="true" duration-ms="12794" started-at="2018-07-20T19:12:23Z" finished-at="2018-07-20T19:12:36Z">
          <reporter-output>
          </reporter-output>
        </test-method> <!-- setUp -->
        <test-method status="FAIL" signature="messageCenterClickTest()[pri:0, instance:com.LVweb.TestCases.HomePageTest@97e1986]" name="messageCenterClickTest" duration-ms="1322" started-at="2018-07-20T19:12:36Z" finished-at="2018-07-20T19:12:37Z">
          <exception class="java.lang.AssertionError">
            <message>
              <![CDATA[expected [true] but found [false]]]>
            </message>
            <full-stacktrace>
              <![CDATA[java.lang.AssertionError: expected [true] but found [false]
	at org.testng.Assert.fail(Assert.java:94)
	at org.testng.Assert.failNotEquals(Assert.java:494)
	at org.testng.Assert.assertTrue(Assert.java:42)
	at org.testng.Assert.assertTrue(Assert.java:52)
	at com.LVweb.TestCases.HomePageTest.messageCenterClickTest(HomePageTest.java:86)
	at sun.reflect.NativeMethodAccessorImpl.invoke0(Native Method)
	at sun.reflect.NativeMethodAccessorImpl.invoke(NativeMethodAccessorImpl.java:62)
	at sun.reflect.DelegatingMethodAccessorImpl.invoke(DelegatingMethodAccessorImpl.java:43)
	at java.lang.reflect.Method.invoke(Method.java:498)
	at org.testng.internal.MethodInvocationHelper.invokeMethod(MethodInvocationHelper.java:80)
	at org.testng.internal.Invoker.invokeMethod(Invoker.java:714)
	at org.testng.internal.Invoker.invokeTestMethod(Invoker.java:901)
	at org.testng.internal.Invoker.invokeTestMethods(Invoker.java:1231)
	at org.testng.internal.TestMethodWorker.invokeTestMethods(TestMethodWorker.java:127)
	at org.testng.internal.TestMethodWorker.run(TestMethodWorker.java:111)
	at org.testng.TestRunner.privateRun(TestRunner.java:767)
	at org.testng.TestRunner.run(TestRunner.java:617)
	at org.testng.SuiteRunner.runTest(SuiteRunner.java:334)
	at org.testng.SuiteRunner.runSequentially(SuiteRunner.java:329)
	at org.testng.SuiteRunner.privateRun(SuiteRunner.java:291)
	at org.testng.SuiteRunner.run(SuiteRunner.java:240)
	at org.testng.SuiteRunnerWorker.runSuite(SuiteRunnerWorker.java:52)
	at org.testng.SuiteRunnerWorker.run(SuiteRunnerWorker.java:86)
	at org.testng.TestNG.runSuitesSequentially(TestNG.java:1198)
	at org.testng.TestNG.runSuitesLocally(TestNG.java:1123)
	at org.testng.TestNG.run(TestNG.java:1031)
	at org.apache.maven.surefire.testng.TestNGExecutor.run(TestNGExecutor.java:283)
	at org.apache.maven.surefire.testng.TestNGXmlTestSuite.execute(TestNGXmlTestSuite.java:75)
	at org.apache.maven.surefire.testng.TestNGProvider.invoke(TestNGProvider.java:120)
	at org.apache.maven.surefire.booter.ForkedBooter.invokeProviderInSameClassLoader(ForkedBooter.java:383)
	at org.apache.maven.surefire.booter.ForkedBooter.runSuitesInProcess(ForkedBooter.java:344)
	at org.apache.maven.surefire.booter.ForkedBooter.execute(ForkedBooter.java:125)
	at org.apache.maven.surefire.booter.ForkedBooter.main(ForkedBooter.java:417)
]]>
            </full-stacktrace>
          </exception> <!-- java.lang.AssertionError -->
          <reporter-output>
          </reporter-output>
        </test-method> <!-- messageCenterClickTest -->
        <test-method status="PASS" signature="tearDown()[pri:0, instance:com.LVweb.TestCases.HomePageTest@97e1986]" name="tearDown" is-config="true" duration-ms="621" started-at="2018-07-20T19:12:38Z" finished-at="2018-07-20T19:12:38Z">
          <reporter-output>
          </reporter-output>
        </test-method> <!-- tearDown -->
      </class> <!-- com.LVweb.TestCases.HomePageTest -->
    </test> <!-- Test -->
  </suite> <!-- Suite -->
</testng-results>
