<?xml version="1.0" encoding="UTF-8"?>
<!-- Generated by org.testng.reporters.JUnitReportReporter -->
<testsuite hostname="rajkumar-pc" name="com.LVweb.TestCases.HomePageTest" tests="8" failures="0" timestamp="12 Jul 2018 13:58:45 GMT" time="143.023" errors="1">
  <testcase name="persInfoClickTest" time="17.581" classname="com.LVweb.TestCases.HomePageTest"/>
  <testcase name="messageCenterClickTest" time="19.704" classname="com.LVweb.TestCases.HomePageTest"/>
  <testcase name="resourcesClickTest" time="19.145" classname="com.LVweb.TestCases.HomePageTest"/>
  <testcase name="faqClickTest" time="15.810" classname="com.LVweb.TestCases.HomePageTest"/>
  <testcase name="logoDisplayTest" time="16.075" classname="com.LVweb.TestCases.HomePageTest">
    <error type="java.lang.AssertionError" message="">
      <![CDATA[java.lang.AssertionError: 
	at org.testng.AssertJUnit.fail(AssertJUnit.java:59)
	at org.testng.AssertJUnit.assertTrue(AssertJUnit.java:24)
	at org.testng.AssertJUnit.assertTrue(AssertJUnit.java:33)
	at com.LVweb.TestCases.HomePageTest.logoDisplayTest(HomePageTest.java:47)
	at sun.reflect.NativeMethodAccessorImpl.invoke0(Native Method)
	at sun.reflect.NativeMethodAccessorImpl.invoke(NativeMethodAccessorImpl.java:62)
	at sun.reflect.DelegatingMethodAccessorImpl.invoke(DelegatingMethodAccessorImpl.java:43)
	at java.lang.reflect.Method.invoke(Method.java:498)
	at org.testng.internal.MethodInvocationHelper.invokeMethod(MethodInvocationHelper.java:80)
	at org.testng.internal.Invoker.invokeMethod(Invoker.java:714)
	at org.testng.internal.Invoker.invokeTestMethod(Invoker.java:901)
	at org.testng.internal.Invoker.invokeTestMethods(Invoker.java:1231)
	at org.testng.internal.TestMethodWorker.invokeTestMethods(TestMethodWorker.java:127)
	at org.testng.internal.TestMethodWorker.run(TestMethodWorker.java:111)
	at org.testng.TestRunner.privateRun(TestRunner.java:767)
	at org.testng.TestRunner.run(TestRunner.java:617)
	at org.testng.SuiteRunner.runTest(SuiteRunner.java:334)
	at org.testng.SuiteRunner.runSequentially(SuiteRunner.java:329)
	at org.testng.SuiteRunner.privateRun(SuiteRunner.java:291)
	at org.testng.SuiteRunner.run(SuiteRunner.java:240)
	at org.testng.SuiteRunnerWorker.runSuite(SuiteRunnerWorker.java:52)
	at org.testng.SuiteRunnerWorker.run(SuiteRunnerWorker.java:86)
	at org.testng.TestNG.runSuitesSequentially(TestNG.java:1198)
	at org.testng.TestNG.runSuitesLocally(TestNG.java:1123)
	at org.testng.TestNG.run(TestNG.java:1031)
	at org.testng.remote.AbstractRemoteTestNG.run(AbstractRemoteTestNG.java:114)
	at org.testng.remote.RemoteTestNG.initAndRun(RemoteTestNG.java:251)
	at org.testng.remote.RemoteTestNG.main(RemoteTestNG.java:77)
]]>
    </error>
  </testcase> <!-- logoDisplayTest -->
  <testcase name="announcementClickTest" time="15.201" classname="com.LVweb.TestCases.HomePageTest"/>
  <testcase name="penSummaryClickTest" time="19.263" classname="com.LVweb.TestCases.HomePageTest"/>
  <testcase name="estBenefitClickTest" time="20.244" classname="com.LVweb.TestCases.HomePageTest"/>
</testsuite> <!-- com.LVweb.TestCases.HomePageTest -->
